0 info it worked if it ends with ok
1 verbose cli [ 'D:\\CompilationToolsAssist\\nodejs\\node.exe',
1 verbose cli   'D:\\CompilationToolsAssist\\nodejs\\node_modules\\npm\\bin\\npm-cli.js',
1 verbose cli   'run',
1 verbose cli   'dev' ]
2 info using npm@3.9.5
3 info using node@v6.2.2
4 verbose run-script [ 'predev', 'dev', 'postdev' ]
5 info lifecycle course-design@1.0.0~predev: course-design@1.0.0
6 silly lifecycle course-design@1.0.0~predev: no script for predev, continuing
7 info lifecycle course-design@1.0.0~dev: course-design@1.0.0
8 verbose lifecycle course-design@1.0.0~dev: unsafe-perm in lifecycle true
9 verbose lifecycle course-design@1.0.0~dev: PATH: D:\CompilationToolsAssist\nodejs\node_modules\npm\bin\node-gyp-bin;F:\WebstormProjects\school-manager-system\node_modules\.bin;D:\CompilationToolsAssist\nodejs;C:\Windows\system32;C:\Windows;C:\Windows\System32\Wbem;C:\Windows\System32\WindowsPowerShell\v1.0\;D:\CompilationToolsAssist\jdk\jdk1.8.0_66\bin;D:\CompilationToolsAssist\jdk\jdk1.8.0_66\jre\bin;C:\ProgramData\ComposerSetup\bin;D:\CompilationToolsAssist\wamp\bin\php\php5.5.12;D:\CompilationToolsAssist\wamp\bin\php\php5.5.12\ext;D:\CompilationToolsAssist\TortoiseSVN\bin;D:\CompilationToolsAssist\gcj\thisiscool-gcc\gcc-4.3\bin;D:\CompilationToolsAssist\sdk\android-studio-sdk\platform-tools;D:\CompilationToolsAssist\sdk\android-studio-sdk\tools;D:\CompilationToolsAssist\ant\apache-ant-1.9.6\bin;D:\CompilationToolsAssist\Subversion\bin;D:\SQLSERVER\Microsoft SQL Server2\100\Tools\Binn\;D:\SQLSERVER\Microsoft SQL Server1\100\Tools\Binn\;D:\SQLSERVER\Microsoft SQL Server1\100\DTS\Binn\;D:\SQLSERVER\Microsoft SQL Server2\100\Tools\Binn\VSShell\Common7\IDE\;C:\Program Files (x86)\Microsoft Visual Studio 9.0\Common7\IDE\PrivateAssemblies\;D:\SQLSERVER\Microsoft SQL Server2\100\DTS\Binn\;C:\Program Files (x86)\Windows Kits\8.1\Windows Performance Toolkit\;C:\Program Files\Microsoft SQL Server\110\Tools\Binn\;D:\CompilationToolsAssist\Git\bin;D:\CompilationToolsAssist\nodejs\;C:\Users\zyc\AppData\Roaming\npm
10 verbose lifecycle course-design@1.0.0~dev: CWD: F:\WebstormProjects\school-manager-system
11 silly lifecycle course-design@1.0.0~dev: Args: [ '/d /s /c',
11 silly lifecycle   'webpack-dev-server --port 3000 --devtool eval --progress --colors --hot --content-base dist' ]
12 silly lifecycle course-design@1.0.0~dev: Returned: code: 1  signal: null
13 info lifecycle course-design@1.0.0~dev: Failed to exec dev script
14 verbose stack Error: course-design@1.0.0 dev: `webpack-dev-server --port 3000 --devtool eval --progress --colors --hot --content-base dist`
14 verbose stack Exit status 1
14 verbose stack     at EventEmitter.<anonymous> (D:\CompilationToolsAssist\nodejs\node_modules\npm\lib\utils\lifecycle.js:245:16)
14 verbose stack     at emitTwo (events.js:106:13)
14 verbose stack     at EventEmitter.emit (events.js:191:7)
14 verbose stack     at ChildProcess.<anonymous> (D:\CompilationToolsAssist\nodejs\node_modules\npm\lib\utils\spawn.js:24:14)
14 verbose stack     at emitTwo (events.js:106:13)
14 verbose stack     at ChildProcess.emit (events.js:191:7)
14 verbose stack     at maybeClose (internal/child_process.js:852:16)
14 verbose stack     at Process.ChildProcess._handle.onexit (internal/child_process.js:215:5)
15 verbose pkgid course-design@1.0.0
16 verbose cwd F:\WebstormProjects\school-manager-system
17 error Windows_NT 10.0.10586
18 error argv "D:\\CompilationToolsAssist\\nodejs\\node.exe" "D:\\CompilationToolsAssist\\nodejs\\node_modules\\npm\\bin\\npm-cli.js" "run" "dev"
19 error node v6.2.2
20 error npm  v3.9.5
21 error code ELIFECYCLE
22 error course-design@1.0.0 dev: `webpack-dev-server --port 3000 --devtool eval --progress --colors --hot --content-base dist`
22 error Exit status 1
23 error Failed at the course-design@1.0.0 dev script 'webpack-dev-server --port 3000 --devtool eval --progress --colors --hot --content-base dist'.
23 error Make sure you have the latest version of node.js and npm installed.
23 error If you do, this is most likely a problem with the course-design package,
23 error not with npm itself.
23 error Tell the author that this fails on your system:
23 error     webpack-dev-server --port 3000 --devtool eval --progress --colors --hot --content-base dist
23 error You can get information on how to open an issue for this project with:
23 error     npm bugs course-design
23 error Or if that isn't available, you can get their info via:
23 error     npm owner ls course-design
23 error There is likely additional logging output above.
24 verbose exit [ 1, true ]
